#
# A fatal error has been detected by the Java Runtime Environment:
#
#  Internal Error (0x20474343), pid=2780, tid=0x0000000000001110
#
# JRE version: OpenJDK Runtime Environment (8.0_152-b01) (build 1.8.0_152-release-884-b01)
# Java VM: OpenJDK 64-Bit Server VM (25.152-b01 mixed mode windows-amd64 compressed oops)
# Problematic frame:
# C  [KERNELBASE.dll+0x908c]
#
# Failed to write core dump. Minidumps are not enabled by default on client versions of Windows
#
# If you would like to submit a bug report, please visit:
#   http://bugreport.java.com/bugreport/crash.jsp
# The crash happened outside the Java Virtual Machine in native code.
# See problematic frame for where to report the bug.
#

---------------  T H R E A D  ---------------

Current thread (0x000000001b139000):  JavaThread "Daemon worker Thread 3" [_thread_in_native, id=4368, stack(0x000000001a220000,0x000000001a320000)]

siginfo: ExceptionCode=0x20474343, ExceptionInformation=0x00000000270fd5f0 

Registers:
RAX=0x006d0072006f0066, RBX=0x00000000270fd5f0, RCX=0x006e0061005c0073, RDX=0x0069006f00720064
RSP=0x000000001a319150, RBP=0x0000000027042cb0, RSI=0x000000002363c100, RDI=0x00000000270fd630
R8 =0x0000000000000000, R9 =0x0000000000000000, R10=0x0000000000000000, R11=0x00000000008d0cc0
R12=0x0000000000000000, R13=0x00000000270fbd98, R14=0x0000000000000000, R15=0x0000000000000001
RIP=0x00007ffbf4b8908c, EFLAGS=0x0000000000000206

Top of Stack: (sp=0x000000001a319150)
0x000000001a319150:   0000000000000001 00000000270fd5f0
0x000000001a319160:   000000002363c100 00000000270fd630
0x000000001a319170:   0000000020474343 0000000000000000
0x000000001a319180:   00007ffbf4b8908c 00007ffb00000001
0x000000001a319190:   00000000270fd5f0 0000000000000000
0x000000001a3191a0:   0000000000000000 00000000235d6c70
0x000000001a3191b0:   0000000020944578 000000002352a298
0x000000001a3191c0:   0000000020944510 0000000000000000
0x000000001a3191d0:   0000000000000010 0000000000000000
0x000000001a3191e0:   00000000270fbd98 000000002096dfa0
0x000000001a3191f0:   000000002363c100 00000000235d6c70
0x000000001a319200:   0000000027042cb0 0000000000000000
0x000000001a319210:   000097602252350a 0000000000000000
0x000000001a319220:   0000000000000001 0000000023535ffd
0x000000001a319230:   0000000000000000 000000002363c100
0x000000001a319240:   00000000000000a8 0000000000000000 

Instructions: (pc=0x00007ffbf4b8908c)
0x00007ffbf4b8906c:   44 3b c0 44 0f 47 c0 44 89 44 24 38 49 c1 e0 03
0x00007ffbf4b8907c:   e8 c3 85 ff ff 48 8d 4c 24 20 ff 15 e4 15 10 00
0x00007ffbf4b8908c:   48 8b 8c 24 c0 00 00 00 48 33 cc e8 a4 83 ff ff
0x00007ffbf4b8909c:   48 81 c4 d8 00 00 00 c3 90 90 90 90 90 90 90 90 


Register to memory mapping:

RAX=0x006d0072006f0066 is an unknown value
RBX=0x00000000270fd5f0 is an unknown value
RCX=0x006e0061005c0073 is an unknown value
RDX=0x0069006f00720064 is an unknown value
RSP=0x000000001a319150 is pointing into the stack for thread: 0x000000001b139000
RBP=0x0000000027042cb0 is an unknown value
RSI=0x000000002363c100 is an unknown value
RDI=0x00000000270fd630 is an unknown value
R8 =0x0000000000000000 is an unknown value
R9 =0x0000000000000000 is an unknown value
R10=0x0000000000000000 is an unknown value
R11=0x00000000008d0cc0 is an unknown value
R12=0x0000000000000000 is an unknown value
R13=0x00000000270fbd98 is an unknown value
R14=0x0000000000000000 is an unknown value
R15=0x0000000000000001 is an unknown value


Stack: [0x000000001a220000,0x000000001a320000],  sp=0x000000001a319150,  free space=996k
Native frames: (J=compiled Java code, j=interpreted, Vv=VM code, C=native code)
C  [KERNELBASE.dll+0x908c]
C  [libaapt2_jni.dll+0x155ffd]
C  [libaapt2_jni.dll+0x207e72]
C  [libaapt2_jni.dll+0x20736b]
C  [libaapt2_jni.dll+0x2072d9]
C  [libaapt2_jni.dll+0x3c7a9]
C  [libaapt2_jni.dll+0x29202]
C  [libaapt2_jni.dll+0x294e1]
C  [libaapt2_jni.dll+0x2ad54]
C  [libaapt2_jni.dll+0x2b4de]
C  [libaapt2_jni.dll+0x94bf4]
C  [libaapt2_jni.dll+0x168901]
C  [libaapt2_jni.dll+0x1696f8]
C  [libaapt2_jni.dll+0x1b7b3]
C  [libaapt2_jni.dll+0x2824a]
C  0x00000000024e7cb4

Java frames: (J=compiled Java code, j=interpreted, Vv=VM code)
j  com.android.tools.aapt2.Aapt2Jni.nativeLink(Ljava/util/List;Lcom/android/tools/aapt2/Aapt2JniLogCallback;)I+0
j  com.android.tools.aapt2.Aapt2Jni.link(Ljava/util/List;)Lcom/android/tools/aapt2/Aapt2Result;+6
j  com.android.builder.internal.aapt.v2.AaptV2Jni.makeValidatedPackage(Lcom/android/builder/internal/aapt/AaptPackageConfig;)Lcom/google/common/util/concurrent/ListenableFuture;+41
j  com.android.builder.internal.aapt.AbstractAapt.link(Lcom/android/builder/internal/aapt/AaptPackageConfig;)Lcom/google/common/util/concurrent/ListenableFuture;+7
j  com.android.builder.core.AndroidBuilder.processResources(Lcom/android/builder/internal/aapt/Aapt;Lcom/android/builder/internal/aapt/AaptPackageConfig$Builder;)V+57
j  com.android.build.gradle.tasks.ProcessAndroidResources.invokeAaptForSplit(Ljava/util/Collection;Ljava/util/Set;Ljava/util/Set;Lcom/android/build/gradle/internal/scope/SplitList;Ljava/util/Set;Lcom/android/ide/common/build/ApkData;Z)V+789
j  com.android.build.gradle.tasks.ProcessAndroidResources.doFullTaskAction()V+314
j  com.android.build.gradle.internal.tasks.IncrementalTask.taskAction(Lorg/gradle/api/tasks/incremental/IncrementalTaskInputs;)V+33
v  ~StubRoutines::call_stub
J 1474  sun.reflect.NativeMethodAccessorImpl.invoke0(Ljava/lang/reflect/Method;Ljava/lang/Object;[Ljava/lang/Object;)Ljava/lang/Object; (0 bytes) @ 0x00000000029d09bf [0x00000000029d0940+0x7f]
J 14934 C2 sun.reflect.NativeMethodAccessorImpl.invoke(Ljava/lang/Object;[Ljava/lang/Object;)Ljava/lang/Object; (104 bytes) @ 0x0000000004d7bc90 [0x0000000004d7bc20+0x70]
J 6792 C2 java.lang.reflect.Method.invoke(Ljava/lang/Object;[Ljava/lang/Object;)Ljava/lang/Object; (62 bytes) @ 0x0000000003a34fc4 [0x0000000003a34f40+0x84]
J 2238 C1 org.gradle.internal.reflect.JavaMethod.invoke(Ljava/lang/Object;[Ljava/lang/Object;)Ljava/lang/Object; (74 bytes) @ 0x0000000002db12fc [0x0000000002db11e0+0x11c]
j  org.gradle.api.internal.project.taskfactory.DefaultTaskClassInfoStore$IncrementalTaskAction.doExecute(Lorg/gradle/api/Task;Ljava/lang/String;)V+35
j  org.gradle.api.internal.project.taskfactory.DefaultTaskClassInfoStore$StandardTaskAction.execute(Lorg/gradle/api/Task;)V+32
j  org.gradle.api.internal.project.taskfactory.DefaultTaskClassInfoStore$StandardTaskAction.execute(Ljava/lang/Object;)V+5
j  org.gradle.api.internal.tasks.execution.ExecuteActionsTaskExecuter$1.run(Lorg/gradle/internal/operations/BuildOperationContext;)V+23
J 14610 C2 org.gradle.internal.progress.DefaultBuildOperationExecutor.execute(Lorg/gradle/internal/operations/BuildOperation;Lorg/gradle/internal/operations/BuildOperationWorker;Lorg/gradle/internal/progress/DefaultBuildOperationExecutor$DefaultBuildOperationState;)V (430 bytes) @ 0x0000000004c639b0 [0x0000000004c629e0+0xfd0]
J 13903 C1 org.gradle.internal.progress.DefaultBuildOperationExecutor.run(Lorg/gradle/internal/operations/RunnableBuildOperation;)V (38 bytes) @ 0x00000000049b8cf4 [0x00000000049b89c0+0x334]
j  org.gradle.api.internal.tasks.execution.ExecuteActionsTaskExecuter.executeAction(Ljava/lang/String;Lorg/gradle/api/internal/TaskInternal;Lorg/gradle/api/internal/tasks/ContextAwareTaskAction;Lorg/gradle/api/internal/tasks/TaskExecutionContext;)V+23
j  org.gradle.api.internal.tasks.execution.ExecuteActionsTaskExecuter.executeActions(Lorg/gradle/api/internal/TaskInternal;Lorg/gradle/api/internal/tasks/TaskStateInternal;Lorg/gradle/api/internal/tasks/TaskExecutionContext;)Lorg/gradle/api/GradleException;+131
j  org.gradle.api.internal.tasks.execution.ExecuteActionsTaskExecuter.execute(Lorg/gradle/api/internal/TaskInternal;Lorg/gradle/api/internal/tasks/TaskStateInternal;Lorg/gradle/api/internal/tasks/TaskExecutionContext;)V+42
j  org.gradle.api.internal.tasks.execution.SkipUpToDateTaskExecuter.execute(Lorg/gradle/api/internal/TaskInternal;Lorg/gradle/api/internal/tasks/TaskStateInternal;Lorg/gradle/api/internal/tasks/TaskExecutionContext;)V+124
j  org.gradle.api.internal.tasks.execution.ResolveTaskOutputCachingStateExecuter.execute(Lorg/gradle/api/internal/TaskInternal;Lorg/gradle/api/internal/tasks/TaskStateInternal;Lorg/gradle/api/internal/tasks/TaskExecutionContext;)V+96
j  org.gradle.api.internal.tasks.execution.ValidatingTaskExecuter.execute(Lorg/gradle/api/internal/TaskInternal;Lorg/gradle/api/internal/tasks/TaskStateInternal;Lorg/gradle/api/internal/tasks/TaskExecutionContext;)V+215
j  org.gradle.api.internal.tasks.execution.SkipEmptySourceFilesTaskExecuter.execute(Lorg/gradle/api/internal/TaskInternal;Lorg/gradle/api/internal/tasks/TaskStateInternal;Lorg/gradle/api/internal/tasks/TaskExecutionContext;)V+335
j  org.gradle.api.internal.tasks.execution.ResolveTaskArtifactStateTaskExecuter.execute(Lorg/gradle/api/internal/TaskInternal;Lorg/gradle/api/internal/tasks/TaskStateInternal;Lorg/gradle/api/internal/tasks/TaskExecutionContext;)V+72
j  org.gradle.api.internal.tasks.execution.SkipTaskWithNoActionsExecuter.execute(Lorg/gradle/api/internal/TaskInternal;Lorg/gradle/api/internal/tasks/TaskStateInternal;Lorg/gradle/api/internal/tasks/TaskExecutionContext;)V+124
j  org.gradle.api.internal.tasks.execution.SkipOnlyIfTaskExecuter.execute(Lorg/gradle/api/internal/TaskInternal;Lorg/gradle/api/internal/tasks/TaskStateInternal;Lorg/gradle/api/internal/tasks/TaskExecutionContext;)V+85
j  org.gradle.api.internal.tasks.execution.ExecuteAtMostOnceTaskExecuter.execute(Lorg/gradle/api/internal/TaskInternal;Lorg/gradle/api/internal/tasks/TaskStateInternal;Lorg/gradle/api/internal/tasks/TaskExecutionContext;)V+26
j  org.gradle.api.internal.tasks.execution.CatchExceptionTaskExecuter.execute(Lorg/gradle/api/internal/TaskInternal;Lorg/gradle/api/internal/tasks/TaskStateInternal;Lorg/gradle/api/internal/tasks/TaskExecutionContext;)V+7
j  org.gradle.execution.taskgraph.DefaultTaskGraphExecuter$EventFiringTaskWorker$1.run(Lorg/gradle/internal/operations/BuildOperationContext;)V+56
J 14610 C2 org.gradle.internal.progress.DefaultBuildOperationExecutor.execute(Lorg/gradle/internal/operations/BuildOperation;Lorg/gradle/internal/operations/BuildOperationWorker;Lorg/gradle/internal/progress/DefaultBuildOperationExecutor$DefaultBuildOperationState;)V (430 bytes) @ 0x0000000004c639b0 [0x0000000004c629e0+0xfd0]
J 13903 C1 org.gradle.internal.progress.DefaultBuildOperationExecutor.run(Lorg/gradle/internal/operations/RunnableBuildOperation;)V (38 bytes) @ 0x00000000049b8cf4 [0x00000000049b89c0+0x334]
j  org.gradle.execution.taskgraph.DefaultTaskGraphExecuter$EventFiringTaskWorker.execute(Lorg/gradle/api/internal/TaskInternal;)V+16
j  org.gradle.execution.taskgraph.DefaultTaskGraphExecuter$EventFiringTaskWorker.execute(Ljava/lang/Object;)V+5
j  org.gradle.execution.taskgraph.DefaultTaskPlanExecutor$TaskExecutorWorker.processTask(Lorg/gradle/execution/taskgraph/TaskInfo;)V+8
j  org.gradle.execution.taskgraph.DefaultTaskPlanExecutor$TaskExecutorWorker.access$200(Lorg/gradle/execution/taskgraph/DefaultTaskPlanExecutor$TaskExecutorWorker;Lorg/gradle/execution/taskgraph/TaskInfo;)V+2
j  org.gradle.execution.taskgraph.DefaultTaskPlanExecutor$TaskExecutorWorker$1.execute(Lorg/gradle/execution/taskgraph/TaskInfo;)V+38
j  org.gradle.execution.taskgraph.DefaultTaskPlanExecutor$TaskExecutorWorker$1.execute(Ljava/lang/Object;)V+5
j  org.gradle.execution.taskgraph.DefaultTaskExecutionPlan.execute(Lorg/gradle/execution/taskgraph/TaskInfo;Lorg/gradle/internal/work/WorkerLeaseRegistry$WorkerLease;Lorg/gradle/api/Action;)V+14
j  org.gradle.execution.taskgraph.DefaultTaskExecutionPlan.executeWithTask(Lorg/gradle/internal/work/WorkerLeaseRegistry$WorkerLease;Lorg/gradle/api/Action;)Z+53
j  org.gradle.execution.taskgraph.DefaultTaskPlanExecutor$TaskExecutorWorker.run()V+52
j  org.gradle.execution.taskgraph.DefaultTaskPlanExecutor.process(Lorg/gradle/execution/taskgraph/TaskExecutionPlan;Lorg/gradle/api/Action;)V+67
j  org.gradle.execution.taskgraph.DefaultTaskGraphExecuter.execute()V+61
j  org.gradle.execution.SelectedTaskExecutionAction.execute(Lorg/gradle/execution/BuildExecutionContext;)V+55
j  org.gradle.execution.DefaultBuildExecuter.execute(Lorg/gradle/api/internal/GradleInternal;I)V+37
j  org.gradle.execution.DefaultBuildExecuter.access$000(Lorg/gradle/execution/DefaultBuildExecuter;Lorg/gradle/api/internal/GradleInternal;I)V+3
j  org.gradle.execution.DefaultBuildExecuter$1.proceed()V+14
j  org.gradle.execution.DryRunBuildExecutionAction.execute(Lorg/gradle/execution/BuildExecutionContext;)V+121
j  org.gradle.execution.DefaultBuildExecuter.execute(Lorg/gradle/api/internal/GradleInternal;I)V+37
j  org.gradle.execution.DefaultBuildExecuter.execute(Lorg/gradle/api/internal/GradleInternal;)V+3
j  org.gradle.initialization.DefaultGradleLauncher$ExecuteTasks.run(Lorg/gradle/internal/operations/BuildOperationContext;)V+55
J 14610 C2 org.gradle.internal.progress.DefaultBuildOperationExecutor.execute(Lorg/gradle/internal/operations/BuildOperation;Lorg/gradle/internal/operations/BuildOperationWorker;Lorg/gradle/internal/progress/DefaultBuildOperationExecutor$DefaultBuildOperationState;)V (430 bytes) @ 0x0000000004c639b0 [0x0000000004c629e0+0xfd0]
J 13903 C1 org.gradle.internal.progress.DefaultBuildOperationExecutor.run(Lorg/gradle/internal/operations/RunnableBuildOperation;)V (38 bytes) @ 0x00000000049b8cf4 [0x00000000049b89c0+0x334]
j  org.gradle.initialization.DefaultGradleLauncher.runTasks()V+53
j  org.gradle.initialization.DefaultGradleLauncher.doBuildStages(Lorg/gradle/initialization/DefaultGradleLauncher$Stage;)V+37
j  org.gradle.initialization.DefaultGradleLauncher.executeTasks()Lorg/gradle/api/internal/GradleInternal;+4
j  org.gradle.internal.invocation.GradleBuildController$1.call()Lorg/gradle/api/internal/GradleInternal;+7
j  org.gradle.internal.invocation.GradleBuildController$1.call()Ljava/lang/Object;+1
j  org.gradle.internal.work.DefaultWorkerLeaseService.withLocks(Ljava/lang/Iterable;Ljava/util/concurrent/Callable;)Ljava/lang/Object;+15
j  org.gradle.internal.invocation.GradleBuildController.doBuild(Ljava/util/concurrent/Callable;)Lorg/gradle/api/internal/GradleInternal;+52
j  org.gradle.internal.invocation.GradleBuildController.run()Lorg/gradle/api/internal/GradleInternal;+9
j  org.gradle.tooling.internal.provider.runner.ClientProvidedBuildActionRunner.run(Lorg/gradle/internal/invocation/BuildAction;Lorg/gradle/internal/invocation/BuildController;)V+80
j  org.gradle.launcher.exec.ChainingBuildActionRunner.run(Lorg/gradle/internal/invocation/BuildAction;Lorg/gradle/internal/invocation/BuildController;)V+34
j  org.gradle.launcher.exec.ChainingBuildActionRunner.run(Lorg/gradle/internal/invocation/BuildAction;Lorg/gradle/internal/invocation/BuildController;)V+34
j  org.gradle.tooling.internal.provider.ValidatingBuildActionRunner.run(Lorg/gradle/internal/invocation/BuildAction;Lorg/gradle/internal/invocation/BuildController;)V+6
j  org.gradle.launcher.exec.RunAsBuildOperationBuildActionRunner$1.run(Lorg/gradle/internal/operations/BuildOperationContext;)V+15
J 14610 C2 org.gradle.internal.progress.DefaultBuildOperationExecutor.execute(Lorg/gradle/internal/operations/BuildOperation;Lorg/gradle/internal/operations/BuildOperationWorker;Lorg/gradle/internal/progress/DefaultBuildOperationExecutor$DefaultBuildOperationState;)V (430 bytes) @ 0x0000000004c639b0 [0x0000000004c629e0+0xfd0]
J 13903 C1 org.gradle.internal.progress.DefaultBuildOperationExecutor.run(Lorg/gradle/internal/operations/RunnableBuildOperation;)V (38 bytes) @ 0x00000000049b8cf4 [0x00000000049b89c0+0x334]
j  org.gradle.launcher.exec.RunAsBuildOperationBuildActionRunner.run(Lorg/gradle/internal/invocation/BuildAction;Lorg/gradle/internal/invocation/BuildController;)V+34
j  org.gradle.tooling.internal.provider.SubscribableBuildActionRunner.run(Lorg/gradle/internal/invocation/BuildAction;Lorg/gradle/internal/invocation/BuildController;)V+40
j  org.gradle.launcher.exec.InProcessBuildActionExecuter.execute(Lorg/gradle/internal/invocation/BuildAction;Lorg/gradle/initialization/BuildRequestContext;Lorg/gradle/launcher/exec/BuildActionParameters;Lorg/gradle/internal/service/ServiceRegistry;)Ljava/lang/Object;+71
j  org.gradle.launcher.exec.InProcessBuildActionExecuter.execute(Lorg/gradle/internal/invocation/BuildAction;Lorg/gradle/initialization/BuildRequestContext;Ljava/lang/Object;Lorg/gradle/internal/service/ServiceRegistry;)Ljava/lang/Object;+9
j  org.gradle.launcher.exec.BuildTreeScopeBuildActionExecuter.execute(Lorg/gradle/internal/invocation/BuildAction;Lorg/gradle/initialization/BuildRequestContext;Lorg/gradle/launcher/exec/BuildActionParameters;Lorg/gradle/internal/service/ServiceRegistry;)Ljava/lang/Object;+41
j  org.gradle.launcher.exec.BuildTreeScopeBuildActionExecuter.execute(Lorg/gradle/internal/invocation/BuildAction;Lorg/gradle/initialization/BuildRequestContext;Ljava/lang/Object;Lorg/gradle/internal/service/ServiceRegistry;)Ljava/lang/Object;+9
j  org.gradle.tooling.internal.provider.ContinuousBuildActionExecuter.execute(Lorg/gradle/internal/invocation/BuildAction;Lorg/gradle/initialization/BuildRequestContext;Lorg/gradle/launcher/exec/BuildActionParameters;Lorg/gradle/internal/service/ServiceRegistry;)Ljava/lang/Object;+28
j  org.gradle.tooling.internal.provider.ContinuousBuildActionExecuter.execute(Lorg/gradle/internal/invocation/BuildAction;Lorg/gradle/initialization/BuildRequestContext;Ljava/lang/Object;Lorg/gradle/internal/service/ServiceRegistry;)Ljava/lang/Object;+9
j  org.gradle.tooling.internal.provider.ServicesSetupBuildActionExecuter.execute(Lorg/gradle/internal/invocation/BuildAction;Lorg/gradle/initialization/BuildRequestContext;Lorg/gradle/launcher/exec/BuildActionParameters;Lorg/gradle/internal/service/ServiceRegistry;)Ljava/lang/Object;+85
j  org.gradle.tooling.internal.provider.ServicesSetupBuildActionExecuter.execute(Lorg/gradle/internal/invocation/BuildAction;Lorg/gradle/initialization/BuildRequestContext;Ljava/lang/Object;Lorg/gradle/internal/service/ServiceRegistry;)Ljava/lang/Object;+9
j  org.gradle.tooling.internal.provider.GradleThreadBuildActionExecuter.execute(Lorg/gradle/internal/invocation/BuildAction;Lorg/gradle/initialization/BuildRequestContext;Lorg/gradle/launcher/exec/BuildActionParameters;Lorg/gradle/internal/service/ServiceRegistry;)Ljava/lang/Object;+12
j  org.gradle.tooling.internal.provider.GradleThreadBuildActionExecuter.execute(Lorg/gradle/internal/invocation/BuildAction;Lorg/gradle/initialization/BuildRequestContext;Ljava/lang/Object;Lorg/gradle/internal/service/ServiceRegistry;)Ljava/lang/Object;+9
j  org.gradle.tooling.internal.provider.ParallelismConfigurationBuildActionExecuter.execute(Lorg/gradle/internal/invocation/BuildAction;Lorg/gradle/initialization/BuildRequestContext;Lorg/gradle/launcher/exec/BuildActionParameters;Lorg/gradle/internal/service/ServiceRegistry;)Ljava/lang/Object;+43
j  org.gradle.tooling.internal.provider.ParallelismConfigurationBuildActionExecuter.execute(Lorg/gradle/internal/invocation/BuildAction;Lorg/gradle/initialization/BuildRequestContext;Ljava/lang/Object;Lorg/gradle/internal/service/ServiceRegistry;)Ljava/lang/Object;+9
j  org.gradle.tooling.internal.provider.StartParamsValidatingActionExecuter.execute(Lorg/gradle/internal/invocation/BuildAction;Lorg/gradle/initialization/BuildRequestContext;Lorg/gradle/launcher/exec/BuildActionParameters;Lorg/gradle/internal/service/ServiceRegistry;)Ljava/lang/Object;+257
j  org.gradle.tooling.internal.provider.StartParamsValidatingActionExecuter.execute(Lorg/gradle/internal/invocation/BuildAction;Lorg/gradle/initialization/BuildRequestContext;Ljava/lang/Object;Lorg/gradle/internal/service/ServiceRegistry;)Ljava/lang/Object;+9
j  org.gradle.tooling.internal.provider.SessionFailureReportingActionExecuter.execute(Lorg/gradle/internal/invocation/BuildAction;Lorg/gradle/initialization/BuildRequestContext;Lorg/gradle/launcher/exec/BuildActionParameters;Lorg/gradle/internal/service/ServiceRegistry;)Ljava/lang/Object;+9
j  org.gradle.tooling.internal.provider.SessionFailureReportingActionExecuter.execute(Lorg/gradle/internal/invocation/BuildAction;Lorg/gradle/initialization/BuildRequestContext;Ljava/lang/Object;Lorg/gradle/internal/service/ServiceRegistry;)Ljava/lang/Object;+9
j  org.gradle.tooling.internal.provider.SetupLoggingActionExecuter.execute(Lorg/gradle/internal/invocation/BuildAction;Lorg/gradle/initialization/BuildRequestContext;Lorg/gradle/launcher/exec/BuildActionParameters;Lorg/gradle/internal/service/ServiceRegistry;)Ljava/lang/Object;+69
j  org.gradle.tooling.internal.provider.SetupLoggingActionExecuter.execute(Lorg/gradle/internal/invocation/BuildAction;Lorg/gradle/initialization/BuildRequestContext;Ljava/lang/Object;Lorg/gradle/internal/service/ServiceRegistry;)Ljava/lang/Object;+9
j  org.gradle.launcher.daemon.server.exec.ExecuteBuild.doBuild(Lorg/gradle/launcher/daemon/server/api/DaemonCommandExecution;Lorg/gradle/launcher/daemon/protocol/Build;)V+114
j  org.gradle.launcher.daemon.server.exec.BuildCommandOnly.execute(Lorg/gradle/launcher/daemon/server/api/DaemonCommandExecution;)V+49
j  org.gradle.launcher.daemon.server.api.DaemonCommandExecution.proceed()Z+28
j  org.gradle.launcher.daemon.server.exec.WatchForDisconnection.execute(Lorg/gradle/launcher/daemon/server/api/DaemonCommandExecution;)V+19
j  org.gradle.launcher.daemon.server.api.DaemonCommandExecution.proceed()Z+28
j  org.gradle.launcher.daemon.server.exec.ResetDeprecationLogger.execute(Lorg/gradle/launcher/daemon/server/api/DaemonCommandExecution;)V+4
j  org.gradle.launcher.daemon.server.api.DaemonCommandExecution.proceed()Z+28
j  org.gradle.launcher.daemon.server.exec.RequestStopIfSingleUsedDaemon.execute(Lorg/gradle/launcher/daemon/server/api/DaemonCommandExecution;)V+33
j  org.gradle.launcher.daemon.server.api.DaemonCommandExecution.proceed()Z+28
j  org.gradle.launcher.daemon.server.exec.ForwardClientInput$2.call()Ljava/lang/Void;+4
j  org.gradle.launcher.daemon.server.exec.ForwardClientInput$2.call()Ljava/lang/Object;+1
j  org.gradle.util.Swapper.swap(Ljava/lang/Object;Ljava/util/concurrent/Callable;)Ljava/lang/Object;+21
j  org.gradle.launcher.daemon.server.exec.ForwardClientInput.execute(Lorg/gradle/launcher/daemon/server/api/DaemonCommandExecution;)V+63
j  org.gradle.launcher.daemon.server.api.DaemonCommandExecution.proceed()Z+28
j  org.gradle.launcher.daemon.server.exec.LogAndCheckHealth.execute(Lorg/gradle/launcher/daemon/server/api/DaemonCommandExecution;)V+28
j  org.gradle.launcher.daemon.server.api.DaemonCommandExecution.proceed()Z+28
j  org.gradle.launcher.daemon.server.exec.LogToClient.doBuild(Lorg/gradle/launcher/daemon/server/api/DaemonCommandExecution;Lorg/gradle/launcher/daemon/protocol/Build;)V+87
j  org.gradle.launcher.daemon.server.exec.BuildCommandOnly.execute(Lorg/gradle/launcher/daemon/server/api/DaemonCommandExecution;)V+49
j  org.gradle.launcher.daemon.server.api.DaemonCommandExecution.proceed()Z+28
j  org.gradle.launcher.daemon.server.exec.EstablishBuildEnvironment.doBuild(Lorg/gradle/launcher/daemon/server/api/DaemonCommandExecution;Lorg/gradle/launcher/daemon/protocol/Build;)V+365
j  org.gradle.launcher.daemon.server.exec.BuildCommandOnly.execute(Lorg/gradle/launcher/daemon/server/api/DaemonCommandExecution;)V+49
j  org.gradle.launcher.daemon.server.api.DaemonCommandExecution.proceed()Z+28
j  org.gradle.launcher.daemon.server.exec.StartBuildOrRespondWithBusy$1.run()V+44
j  org.gradle.launcher.daemon.server.DaemonStateCoordinator$1.run()V+4
J 13632 C1 org.gradle.internal.concurrent.ManagedExecutorImpl$1.run()V (57 bytes) @ 0x0000000004932ddc [0x00000000049328c0+0x51c]
j  java.util.concurrent.ThreadPoolExecutor.runWorker(Ljava/util/concurrent/ThreadPoolExecutor$Worker;)V+95
j  java.util.concurrent.ThreadPoolExecutor$Worker.run()V+5
j  org.gradle.internal.concurrent.ThreadFactoryImpl$ManagedThreadRunnable.run()V+7
j  java.lang.Thread.run()V+11
v  ~StubRoutines::call_stub

---------------  P R O C E S S  ---------------

Java Threads: ( => current thread )
  0x000000001b145000 JavaThread "Task worker for ':' Thread 3" [_thread_blocked, id=4452, stack(0x00000000275e0000,0x00000000276e0000)]
  0x000000001b144000 JavaThread "Task worker for ':' Thread 2" [_thread_blocked, id=1676, stack(0x00000000232e0000,0x00000000233e0000)]
  0x000000001b146800 JavaThread "Task worker for ':'" [_thread_blocked, id=2720, stack(0x00000000226e0000,0x00000000227e0000)]
  0x000000001b140800 JavaThread "Cache worker for task history cache (H:\AndroidStudioClientWS\POS_ALL\POS_3-9_19\POS\.gradle\4.1-rc-1\taskHistory)" [_thread_blocked, id=1976, stack(0x00000000223e0000,0x00000000224e0000)]
  0x000000001b13f800 JavaThread "Cache worker for file content cache (H:\AndroidStudioClientWS\POS_ALL\POS_3-9_19\POS\.gradle\4.1-rc-1\fileContent)" [_thread_blocked, id=4120, stack(0x00000000222e0000,0x00000000223e0000)]
  0x000000001b142800 JavaThread "build operations Thread 4" [_thread_blocked, id=4924, stack(0x0000000021640000,0x0000000021740000)]
  0x000000001b13f000 JavaThread "build operations Thread 3" [_thread_blocked, id=420, stack(0x0000000021540000,0x0000000021640000)]
  0x000000001b142000 JavaThread "build operations Thread 2" [_thread_blocked, id=844, stack(0x0000000020c40000,0x0000000020d40000)]
  0x000000001b141000 JavaThread "build operations" [_thread_blocked, id=4996, stack(0x0000000020840000,0x0000000020940000)]
  0x000000001b13b000 JavaThread "Cache worker for Artifact transforms cache (C:\Users\MAKsuD\.gradle\caches\transforms-1)" [_thread_blocked, id=5092, stack(0x000000001cfc0000,0x000000001d0c0000)]
  0x000000001b13d800 JavaThread "Cache worker for file hash cache (H:\AndroidStudioClientWS\POS_ALL\POS_3-9_19\POS\.gradle\4.1-rc-1\fileHashes)" [_thread_blocked, id=5644, stack(0x000000001b8f0000,0x000000001b9f0000)]
  0x000000001b13e000 JavaThread "Stdin handler" [_thread_blocked, id=4800, stack(0x000000001a420000,0x000000001a520000)]
  0x000000001b13a800 JavaThread "Asynchronous log dispatcher for DefaultDaemonConnection: socket connection from /127.0.0.1:49629 to /127.0.0.1:49781" [_thread_blocked, id=4356, stack(0x000000001a320000,0x000000001a420000)]
=>0x000000001b139000 JavaThread "Daemon worker Thread 3" [_thread_in_native, id=4368, stack(0x000000001a220000,0x000000001a320000)]
  0x000000001b137800 JavaThread "Cancel handler" [_thread_blocked, id=5588, stack(0x000000001a120000,0x000000001a220000)]
  0x000000001b138000 JavaThread "Handler for socket connection from /127.0.0.1:49629 to /127.0.0.1:49781" [_thread_in_native, id=4672, stack(0x0000000019e20000,0x0000000019f20000)]
  0x000000001b139800 JavaThread "Daemon Thread 3" [_thread_blocked, id=4740, stack(0x0000000019d20000,0x0000000019e20000)]
  0x0000000019054800 JavaThread "Memory manager" [_thread_blocked, id=4268, stack(0x00000000217e0000,0x00000000218e0000)]
  0x0000000018d45000 JavaThread "File lock request listener" [_thread_in_native, id=4312, stack(0x000000001a620000,0x000000001a720000)]
  0x0000000018d42000 JavaThread "Cache worker for file hash cache (C:\Users\MAKsuD\.gradle\caches\4.1-rc-1\fileHashes)" [_thread_blocked, id=2560, stack(0x000000001a520000,0x000000001a620000)]
  0x0000000018dc3000 JavaThread "Daemon periodic checks" [_thread_blocked, id=3064, stack(0x0000000019c20000,0x0000000019d20000)]
  0x0000000018b7f800 JavaThread "Incoming local TCP Connector on port 49629" [_thread_in_native, id=4332, stack(0x0000000019a30000,0x0000000019b30000)]
  0x00000000177b0800 JavaThread "Service Thread" daemon [_thread_blocked, id=2028, stack(0x0000000017b80000,0x0000000017c80000)]
  0x0000000015e44800 JavaThread "C1 CompilerThread2" daemon [_thread_blocked, id=3044, stack(0x0000000017680000,0x0000000017780000)]
  0x0000000015e41800 JavaThread "C2 CompilerThread1" daemon [_thread_blocked, id=5176, stack(0x0000000017580000,0x0000000017680000)]
  0x0000000015e3f000 JavaThread "C2 CompilerThread0" daemon [_thread_blocked, id=2300, stack(0x0000000017480000,0x0000000017580000)]
  0x0000000015e3d000 JavaThread "Attach Listener" daemon [_thread_blocked, id=2244, stack(0x0000000017380000,0x0000000017480000)]
  0x0000000015e3c000 JavaThread "Signal Dispatcher" daemon [_thread_blocked, id=2728, stack(0x0000000017280000,0x0000000017380000)]
  0x00000000024c9800 JavaThread "Finalizer" daemon [_thread_blocked, id=2676, stack(0x00000000170a0000,0x00000000171a0000)]
  0x00000000024c1000 JavaThread "Reference Handler" daemon [_thread_blocked, id=5148, stack(0x0000000016fa0000,0x00000000170a0000)]
  0x00000000022cd800 JavaThread "main" [_thread_blocked, id=1644, stack(0x00000000022d0000,0x00000000023d0000)]

Other Threads:
  0x0000000015e04000 VMThread [stack: 0x0000000016ea0000,0x0000000016fa0000] [id=5168]
  0x0000000015e9e000 WatcherThread [stack: 0x0000000017c80000,0x0000000017d80000] [id=1756]

VM state:not at safepoint (normal execution)

VM Mutex/Monitor currently owned by a thread: None

Heap:
 PSYoungGen      total 456192K, used 52758K [0x00000000e0000000, 0x00000000fe280000, 0x0000000100000000)
  eden space 418304K, 9% used [0x00000000e0000000,0x00000000e2575238,0x00000000f9880000)
  from space 37888K, 38% used [0x00000000f9880000,0x00000000fa690860,0x00000000fbd80000)
  to   space 30208K, 0% used [0x00000000fc500000,0x00000000fc500000,0x00000000fe280000)
 ParOldGen       total 166400K, used 101020K [0x00000000a0000000, 0x00000000aa280000, 0x00000000e0000000)
  object space 166400K, 60% used [0x00000000a0000000,0x00000000a62a71e8,0x00000000aa280000)
 Metaspace       used 67360K, capacity 70650K, committed 70744K, reserved 1110016K
  class space    used 8576K, capacity 9326K, committed 9344K, reserved 1048576K

Card table byte_map: [0x0000000011890000,0x0000000011ba0000] byte_map_base: 0x0000000011390000

Marking Bits: (ParMarkBitMap*) 0x000000006e383950
 Begin Bits: [0x00000000121a0000, 0x00000000139a0000)
 End Bits:   [0x00000000139a0000, 0x00000000151a0000)

Polling page: 0x0000000002220000

CodeCache: size=245760Kb used=43576Kb max_used=43804Kb free=202183Kb
 bounds [0x00000000024d0000, 0x0000000004fe0000, 0x00000000114d0000]
 total_blobs=13543 nmethods=12743 adapters=711
 compilation: enabled

Compilation events (10 events):
Event: 507.849 Thread 0x0000000015e44800 15650       3       com.android.builder.internal.aapt.v2.AaptV2CommandBuilder$$Lambda$449/817831989::accept (12 bytes)
Event: 507.850 Thread 0x0000000015e44800 nmethod 15650 0x0000000002f2cd10 code [0x0000000002f2cec0, 0x0000000002f2d658]
Event: 507.859 Thread 0x0000000015e44800 15651       3       java.util.stream.ForEachOps$ForEachOp$OfRef::accept (11 bytes)
Event: 507.859 Thread 0x0000000015e44800 nmethod 15651 0x0000000003a751d0 code [0x0000000003a75340, 0x0000000003a75568]
Event: 507.859 Thread 0x0000000015e44800 15652       3       sun.nio.fs.WindowsFileAttributes::isOther (26 bytes)
Event: 507.860 Thread 0x0000000015e44800 nmethod 15652 0x0000000003b141d0 code [0x0000000003b14340, 0x0000000003b14610]
Event: 507.873 Thread 0x0000000015e44800 15653       3       com.google.common.collect.ImmutableCollection$ArrayBasedBuilder::add (44 bytes)
Event: 507.875 Thread 0x0000000015e44800 nmethod 15653 0x0000000003a11590 code [0x0000000003a11760, 0x0000000003a11e78]
Event: 507.878 Thread 0x0000000015e44800 15654       1       com.google.common.collect.RegularImmutableList::get (7 bytes)
Event: 507.878 Thread 0x0000000015e44800 nmethod 15654 0x000000000267bed0 code [0x000000000267c020, 0x000000000267c150]

GC Heap History (10 events):
Event: 64.303 GC heap before
{Heap before GC invocations=23 (full 4):
 PSYoungGen      total 264192K, used 20984K [0x00000000e0000000, 0x00000000f9780000, 0x0000000100000000)
  eden space 243200K, 0% used [0x00000000e0000000,0x00000000e0000000,0x00000000eed80000)
  from space 20992K, 99% used [0x00000000eed80000,0x00000000f01fe210,0x00000000f0200000)
  to   space 41984K, 0% used [0x00000000f6e80000,0x00000000f6e80000,0x00000000f9780000)
 ParOldGen       total 92160K, used 88454K [0x00000000a0000000, 0x00000000a5a00000, 0x00000000e0000000)
  object space 92160K, 95% used [0x00000000a0000000,0x00000000a5661b68,0x00000000a5a00000)
 Metaspace       used 58905K, capacity 61048K, committed 61144K, reserved 1101824K
  class space    used 7681K, capacity 8183K, committed 8192K, reserved 1048576K
Event: 64.995 GC heap after
Heap after GC invocations=23 (full 4):
 PSYoungGen      total 264192K, used 2485K [0x00000000e0000000, 0x00000000f9780000, 0x0000000100000000)
  eden space 243200K, 0% used [0x00000000e0000000,0x00000000e0000000,0x00000000eed80000)
  from space 20992K, 11% used [0x00000000eed80000,0x00000000eefed540,0x00000000f0200000)
  to   space 41984K, 0% used [0x00000000f6e80000,0x00000000f6e80000,0x00000000f9780000)
 ParOldGen       total 166400K, used 91693K [0x00000000a0000000, 0x00000000aa280000, 0x00000000e0000000)
  object space 166400K, 55% used [0x00000000a0000000,0x00000000a598b6a0,0x00000000aa280000)
 Metaspace       used 58898K, capacity 61024K, committed 61144K, reserved 1101824K
  class space    used 7679K, capacity 8179K, committed 8192K, reserved 1048576K
}
Event: 84.937 GC heap before
{Heap before GC invocations=24 (full 4):
 PSYoungGen      total 264192K, used 245553K [0x00000000e0000000, 0x00000000f9780000, 0x0000000100000000)
  eden space 243200K, 99% used [0x00000000e0000000,0x00000000eed5efc0,0x00000000eed80000)
  from space 20992K, 11% used [0x00000000eed80000,0x00000000eefed540,0x00000000f0200000)
  to   space 41984K, 0% used [0x00000000f6e80000,0x00000000f6e80000,0x00000000f9780000)
 ParOldGen       total 166400K, used 91693K [0x00000000a0000000, 0x00000000aa280000, 0x00000000e0000000)
  object space 166400K, 55% used [0x00000000a0000000,0x00000000a598b6a0,0x00000000aa280000)
 Metaspace       used 59955K, capacity 62240K, committed 62424K, reserved 1103872K
  class space    used 7833K, capacity 8365K, committed 8448K, reserved 1048576K
Event: 84.994 GC heap after
Heap after GC invocations=24 (full 4):
 PSYoungGen      total 352768K, used 11782K [0x00000000e0000000, 0x00000000f8b00000, 0x0000000100000000)
  eden space 323584K, 0% used [0x00000000e0000000,0x00000000e0000000,0x00000000f3c00000)
  from space 29184K, 40% used [0x00000000f6e80000,0x00000000f7a01bf8,0x00000000f8b00000)
  to   space 40448K, 0% used [0x00000000f3c00000,0x00000000f3c00000,0x00000000f6380000)
 ParOldGen       total 166400K, used 91701K [0x00000000a0000000, 0x00000000aa280000, 0x00000000e0000000)
  object space 166400K, 55% used [0x00000000a0000000,0x00000000a598d6a0,0x00000000aa280000)
 Metaspace       used 59955K, capacity 62240K, committed 62424K, reserved 1103872K
  class space    used 7833K, capacity 8365K, committed 8448K, reserved 1048576K
}
Event: 90.041 GC heap before
{Heap before GC invocations=25 (full 4):
 PSYoungGen      total 352768K, used 335345K [0x00000000e0000000, 0x00000000f8b00000, 0x0000000100000000)
  eden space 323584K, 99% used [0x00000000e0000000,0x00000000f3bfa8b0,0x00000000f3c00000)
  from space 29184K, 40% used [0x00000000f6e80000,0x00000000f7a01bf8,0x00000000f8b00000)
  to   space 40448K, 0% used [0x00000000f3c00000,0x00000000f3c00000,0x00000000f6380000)
 ParOldGen       total 166400K, used 91701K [0x00000000a0000000, 0x00000000aa280000, 0x00000000e0000000)
  object space 166400K, 55% used [0x00000000a0000000,0x00000000a598d6a0,0x00000000aa280000)
 Metaspace       used 60379K, capacity 62730K, committed 62936K, reserved 1103872K
  class space    used 7879K, capacity 8448K, committed 8448K, reserved 1048576K
Event: 90.081 GC heap after
Heap after GC invocations=25 (full 4):
 PSYoungGen      total 364032K, used 14376K [0x00000000e0000000, 0x00000000fea80000, 0x0000000100000000)
  eden space 323584K, 0% used [0x00000000e0000000,0x00000000e0000000,0x00000000f3c00000)
  from space 40448K, 35% used [0x00000000f3c00000,0x00000000f4a0a320,0x00000000f6380000)
  to   space 38400K, 0% used [0x00000000fc500000,0x00000000fc500000,0x00000000fea80000)
 ParOldGen       total 166400K, used 92445K [0x00000000a0000000, 0x00000000aa280000, 0x00000000e0000000)
  object space 166400K, 55% used [0x00000000a0000000,0x00000000a5a476c0,0x00000000aa280000)
 Metaspace       used 60379K, capacity 62730K, committed 62936K, reserved 1103872K
  class space    used 7879K, capacity 8448K, committed 8448K, reserved 1048576K
}
Event: 336.151 GC heap before
{Heap before GC invocations=26 (full 4):
 PSYoungGen      total 364032K, used 337960K [0x00000000e0000000, 0x00000000fea80000, 0x0000000100000000)
  eden space 323584K, 100% used [0x00000000e0000000,0x00000000f3c00000,0x00000000f3c00000)
  from space 40448K, 35% used [0x00000000f3c00000,0x00000000f4a0a320,0x00000000f6380000)
  to   space 38400K, 0% used [0x00000000fc500000,0x00000000fc500000,0x00000000fea80000)
 ParOldGen       total 166400K, used 92445K [0x00000000a0000000, 0x00000000aa280000, 0x00000000e0000000)
  object space 166400K, 55% used [0x00000000a0000000,0x00000000a5a476c0,0x00000000aa280000)
 Metaspace       used 64818K, capacity 67454K, committed 67544K, reserved 1107968K
  class space    used 8374K, capacity 8958K, committed 8960K, reserved 1048576K
Event: 336.207 GC heap after
Heap after GC invocations=26 (full 4):
 PSYoungGen      total 448512K, used 6111K [0x00000000e0000000, 0x00000000fe280000, 0x0000000100000000)
  eden space 418304K, 0% used [0x00000000e0000000,0x00000000e0000000,0x00000000f9880000)
  from space 30208K, 20% used [0x00000000fc500000,0x00000000fcaf7cf8,0x00000000fe280000)
  to   space 37888K, 0% used [0x00000000f9880000,0x00000000f9880000,0x00000000fbd80000)
 ParOldGen       total 166400K, used 98026K [0x00000000a0000000, 0x00000000aa280000, 0x00000000e0000000)
  object space 166400K, 58% used [0x00000000a0000000,0x00000000a5fbabc0,0x00000000aa280000)
 Metaspace       used 64818K, capacity 67454K, committed 67544K, reserved 1107968K
  class space    used 8374K, capacity 8958K, committed 8960K, reserved 1048576K
}
Event: 499.004 GC heap before
{Heap before GC invocations=27 (full 4):
 PSYoungGen      total 448512K, used 424415K [0x00000000e0000000, 0x00000000fe280000, 0x0000000100000000)
  eden space 418304K, 100% used [0x00000000e0000000,0x00000000f9880000,0x00000000f9880000)
  from space 30208K, 20% used [0x00000000fc500000,0x00000000fcaf7cf8,0x00000000fe280000)
  to   space 37888K, 0% used [0x00000000f9880000,0x00000000f9880000,0x00000000fbd80000)
 ParOldGen       total 166400K, used 98026K [0x00000000a0000000, 0x00000000aa280000, 0x00000000e0000000)
  object space 166400K, 58% used [0x00000000a0000000,0x00000000a5fbabc0,0x00000000aa280000)
 Metaspace       used 67097K, capacity 70306K, committed 70488K, reserved 1110016K
  class space    used 8554K, capacity 9274K, committed 9344K, reserved 1048576K
Event: 499.056 GC heap after
Heap after GC invocations=27 (full 4):
 PSYoungGen      total 456192K, used 14402K [0x00000000e0000000, 0x00000000fe280000, 0x0000000100000000)
  eden space 418304K, 0% used [0x00000000e0000000,0x00000000e0000000,0x00000000f9880000)
  from space 37888K, 38% used [0x00000000f9880000,0x00000000fa690860,0x00000000fbd80000)
  to   space 30208K, 0% used [0x00000000fc500000,0x00000000fc500000,0x00000000fe280000)
 ParOldGen       total 166400K, used 101020K [0x00000000a0000000, 0x00000000aa280000, 0x00000000e0000000)
  object space 166400K, 60% used [0x00000000a0000000,0x00000000a62a71e8,0x00000000aa280000)
 Metaspace       used 67097K, capacity 70306K, committed 70488K, reserved 1110016K
  class space    used 8554K, capacity 9274K, committed 9344K, reserved 1048576K
}

Deoptimization events (10 events):
Event: 497.518 Thread 0x000000001b139000 Uncommon trap: reason=unstable_if action=reinterpret pc=0x0000000003b0e0e8 method=java.lang.String.regionMatches(ILjava/lang/String;II)Z @ 39
Event: 499.056 Thread 0x00000000024c1000 Uncommon trap: reason=unstable_if action=reinterpret pc=0x0000000002e633f4 method=java.lang.ref.Reference.tryHandlePending(Z)Z @ 20
Event: 503.134 Thread 0x000000001b139000 Uncommon trap: reason=class_check action=maybe_recompile pc=0x0000000003e9c9d0 method=com.sun.org.apache.xerces.internal.dom.NodeImpl.ownerDocument()Lcom/sun/org/apache/xerces/internal/dom/CoreDocumentImpl; @ 11
Event: 503.134 Thread 0x000000001b139000 Uncommon trap: reason=class_check action=maybe_recompile pc=0x0000000003e9c9d0 method=com.sun.org.apache.xerces.internal.dom.NodeImpl.ownerDocument()Lcom/sun/org/apache/xerces/internal/dom/CoreDocumentImpl; @ 11
Event: 503.134 Thread 0x000000001b139000 Uncommon trap: reason=class_check action=maybe_recompile pc=0x0000000003e9c9d0 method=com.sun.org.apache.xerces.internal.dom.NodeImpl.ownerDocument()Lcom/sun/org/apache/xerces/internal/dom/CoreDocumentImpl; @ 11
Event: 503.134 Thread 0x000000001b139000 Uncommon trap: reason=class_check action=maybe_recompile pc=0x0000000003e9c9d0 method=com.sun.org.apache.xerces.internal.dom.NodeImpl.ownerDocument()Lcom/sun/org/apache/xerces/internal/dom/CoreDocumentImpl; @ 11
Event: 503.254 Thread 0x000000001b139000 Uncommon trap: reason=unstable_if action=reinterpret pc=0x0000000004eb88cc method=com.sun.org.apache.xerces.internal.dom.DeferredAttrNSImpl.synchronizeData()V @ 36
Event: 503.349 Thread 0x000000001b139000 Uncommon trap: reason=unstable_if action=reinterpret pc=0x0000000004a2e37c method=sun.nio.cs.UTF_8$Encoder.encodeArrayLoop(Ljava/nio/CharBuffer;Ljava/nio/ByteBuffer;)Ljava/nio/charset/CoderResult; @ 87
Event: 503.350 Thread 0x000000001b139000 Uncommon trap: reason=unstable_if action=reinterpret pc=0x0000000003e42870 method=sun.nio.cs.UTF_8$Encoder.encodeArrayLoop(Ljava/nio/CharBuffer;Ljava/nio/ByteBuffer;)Ljava/nio/charset/CoderResult; @ 87
Event: 503.627 Thread 0x000000001b139000 Uncommon trap: reason=unstable_if action=reinterpret pc=0x0000000004f31d44 method=com.google.gson.stream.JsonReader.endObject()V @ 6

Classes redefined (0 events):
No events

Internal exceptions (10 events):
Event: 342.642 Thread 0x000000001b13a800 Exception <a 'sun/nio/fs/WindowsException'> (0x00000000e865ae18) thrown at [D:\src\AOSP-openjdk-cygwin\jdk8u\hotspot\src\share\vm\prims\jni.cpp, line 709]
Event: 395.928 Thread 0x000000001b13a800 Exception <a 'java/lang/ClassNotFoundException': sync_local_repo355_e5igokx1qv5spcdndz2po9t38BeanInfo> (0x00000000e97b06d0) thrown at [D:\src\AOSP-openjdk-cygwin\jdk8u\hotspot\src\share\vm\classfile\systemDictionary.cpp, line 210]
Event: 395.929 Thread 0x000000001b13a800 Exception <a 'java/lang/ClassNotFoundException': sync_local_repo355_e5igokx1qv5spcdndz2po9t38Customizer> (0x00000000e97bad90) thrown at [D:\src\AOSP-openjdk-cygwin\jdk8u\hotspot\src\share\vm\classfile\systemDictionary.cpp, line 210]
Event: 400.357 Thread 0x000000001b13a800 Exception <a 'sun/nio/fs/WindowsException'> (0x00000000f1b21918) thrown at [D:\src\AOSP-openjdk-cygwin\jdk8u\hotspot\src\share\vm\prims\jni.cpp, line 709]
Event: 494.475 Thread 0x000000001b139000 Exception <a 'java/lang/ClassNotFoundException': sync_local_repo685_bzdt5u095uwogsbr2jw0qlnyuBeanInfo> (0x00000000f241fff0) thrown at [D:\src\AOSP-openjdk-cygwin\jdk8u\hotspot\src\share\vm\classfile\systemDictionary.cpp, line 210]
Event: 494.476 Thread 0x000000001b139000 Exception <a 'java/lang/ClassNotFoundException': sync_local_repo685_bzdt5u095uwogsbr2jw0qlnyuCustomizer> (0x00000000f242a6b0) thrown at [D:\src\AOSP-openjdk-cygwin\jdk8u\hotspot\src\share\vm\classfile\systemDictionary.cpp, line 210]
Event: 497.017 Thread 0x000000001b139000 Implicit null exception at 0x0000000002645bde to 0x0000000002645d61
Event: 497.185 Thread 0x000000001b139000 Implicit null exception at 0x0000000004af6ab9 to 0x0000000004af6ccd
Event: 497.185 Thread 0x000000001b139000 Implicit null exception at 0x0000000004ab0869 to 0x0000000004ab1a41
Event: 497.185 Thread 0x000000001b139000 Implicit null exception at 0x00000000027f4a5a to 0x00000000027f4aad

Events (10 events):
Event: 504.018 Thread 0x0000000015e44800 flushing nmethod 0x0000000004569bd0
Event: 504.018 Thread 0x0000000015e44800 flushing nmethod 0x00000000046c7e90
Event: 504.022 loading class com/google/common/collect/ImmutableList$Builder
Event: 504.022 loading class com/google/common/collect/ImmutableList$Builder done
Event: 504.022 loading class com/google/common/collect/ImmutableList$Builder
Event: 504.022 loading class com/google/common/collect/ImmutableList$Builder done
Event: 504.575 Thread 0x0000000015e44800 flushing nmethod 0x0000000004bac2d0
Event: 510.459 Executing VM operation: RevokeBias
Event: 510.459 Executing VM operation: RevokeBias done
Event: 510.459 Thread 0x0000000019052800 Thread exited: 0x0000000019052800


Dynamic libraries:
0x00007ff73c310000 - 0x00007ff73c341000 	D:\MAK G\Android_Studio_3.0\m\android-studio-ide-171.4220116-windows\android-studio\jre\bin\java.exe
0x00007ffbf7710000 - 0x00007ffbf78bd000 	C:\Windows\SYSTEM32\ntdll.dll
0x00007ffbf7160000 - 0x00007ffbf729f000 	C:\Windows\system32\KERNEL32.DLL
0x00007ffbf4b80000 - 0x00007ffbf4c96000 	C:\Windows\system32\KERNELBASE.dll
0x00007ffbf4dc0000 - 0x00007ffbf4e6a000 	C:\Windows\system32\ADVAPI32.dll
0x00007ffbf6410000 - 0x00007ffbf6587000 	C:\Windows\system32\USER32.dll
0x00007ffbf1690000 - 0x00007ffbf190b000 	C:\Windows\WinSxS\amd64_microsoft.windows.common-controls_6595b64144ccf1df_6.0.9600.19394_none_62486577ecb635cf\COMCTL32.dll
0x00007ffbf7400000 - 0x00007ffbf74aa000 	C:\Windows\system32\msvcrt.dll
0x00007ffbf6f40000 - 0x00007ffbf6f99000 	C:\Windows\SYSTEM32\sechost.dll
0x00007ffbf6780000 - 0x00007ffbf68c0000 	C:\Windows\system32\RPCRT4.dll
0x00007ffbf74c0000 - 0x00007ffbf760c000 	C:\Windows\system32\GDI32.dll
0x00007ffbf4910000 - 0x00007ffbf493e000 	C:\Windows\system32\SspiCli.dll
0x00007ffbf7610000 - 0x00007ffbf7646000 	C:\Windows\system32\IMM32.DLL
0x00007ffbf72a0000 - 0x00007ffbf73f2000 	C:\Windows\system32\MSCTF.dll
0x00007ffbf4800000 - 0x00007ffbf4830000 	C:\Windows\system32\nvinitx.dll
0x00007ffbf47f0000 - 0x00007ffbf47fa000 	C:\Windows\SYSTEM32\VERSION.dll
0x0000000072ca0000 - 0x0000000072ca6000 	C:\Program Files\NVIDIA Corporation\CoProcManager\_etoured.dll
0x00007ffbf0d00000 - 0x00007ffbf0d38000 	C:\Program Files\NVIDIA Corporation\CoProcManager\nvd3d9wrapx.dll
0x00007ffbf6b00000 - 0x00007ffbf6cda000 	C:\Windows\system32\SETUPAPI.dll
0x00007ffbf4ca0000 - 0x00007ffbf4cef000 	C:\Windows\system32\CFGMGR32.dll
0x00007ffbf0cd0000 - 0x00007ffbf0cf4000 	C:\Program Files\NVIDIA Corporation\CoProcManager\nvdxgiwrapx.dll
0x000000006e630000 - 0x000000006e702000 	D:\MAK G\Android_Studio_3.0\m\android-studio-ide-171.4220116-windows\android-studio\jre\jre\bin\msvcr100.dll
0x000000006dbc0000 - 0x000000006e3fe000 	D:\MAK G\Android_Studio_3.0\m\android-studio-ide-171.4220116-windows\android-studio\jre\jre\bin\server\jvm.dll
0x00007ffbed3d0000 - 0x00007ffbed3d9000 	C:\Windows\SYSTEM32\WSOCK32.dll
0x00007ffbed510000 - 0x00007ffbed532000 	C:\Windows\SYSTEM32\WINMM.dll
0x00007ffbf6af0000 - 0x00007ffbf6af7000 	C:\Windows\system32\PSAPI.DLL
0x00007ffbf76b0000 - 0x00007ffbf770a000 	C:\Windows\system32\WS2_32.dll
0x00007ffbed4e0000 - 0x00007ffbed50a000 	C:\Windows\SYSTEM32\WINMMBASE.dll
0x00007ffbf6ad0000 - 0x00007ffbf6ad9000 	C:\Windows\system32\NSI.dll
0x00007ffbf3610000 - 0x00007ffbf3638000 	C:\Windows\SYSTEM32\DEVOBJ.dll
0x00007ffbe9960000 - 0x00007ffbe996f000 	D:\MAK G\Android_Studio_3.0\m\android-studio-ide-171.4220116-windows\android-studio\jre\jre\bin\verify.dll
0x00007ffbe9930000 - 0x00007ffbe9959000 	D:\MAK G\Android_Studio_3.0\m\android-studio-ide-171.4220116-windows\android-studio\jre\jre\bin\java.dll
0x00007ffbe92c0000 - 0x00007ffbe92d6000 	D:\MAK G\Android_Studio_3.0\m\android-studio-ide-171.4220116-windows\android-studio\jre\jre\bin\zip.dll
0x00007ffbf4e70000 - 0x00007ffbf639b000 	C:\Windows\system32\SHELL32.dll
0x00007ffbf68c0000 - 0x00007ffbf6ad0000 	C:\Windows\SYSTEM32\combase.dll
0x00007ffbf6590000 - 0x00007ffbf65e4000 	C:\Windows\system32\SHLWAPI.dll
0x00007ffbf1b10000 - 0x00007ffbf1bc2000 	C:\Windows\SYSTEM32\SHCORE.dll
0x00007ffbf4840000 - 0x00007ffbf4855000 	C:\Windows\SYSTEM32\profapi.dll
0x00007ffbe92a0000 - 0x00007ffbe92ba000 	D:\MAK G\Android_Studio_3.0\m\android-studio-ide-171.4220116-windows\android-studio\jre\jre\bin\net.dll
0x00007ffbf4030000 - 0x00007ffbf4089000 	C:\Windows\system32\mswsock.dll
0x00007ffbe07b0000 - 0x00007ffbe07c1000 	D:\MAK G\Android_Studio_3.0\m\android-studio-ide-171.4220116-windows\android-studio\jre\jre\bin\nio.dll
0x00007ffbf08a0000 - 0x00007ffbf08be000 	C:\Users\MAKsuD\.gradle\native\25\windows-amd64\native-platform.dll
0x00007ffbe0780000 - 0x00007ffbe078d000 	D:\MAK G\Android_Studio_3.0\m\android-studio-ide-171.4220116-windows\android-studio\jre\jre\bin\management.dll
0x00007ffbf4090000 - 0x00007ffbf40b0000 	C:\Windows\SYSTEM32\CRYPTSP.dll
0x00007ffbf3cb0000 - 0x00007ffbf3ce6000 	C:\Windows\system32\rsaenh.dll
0x00007ffbf43b0000 - 0x00007ffbf43d6000 	C:\Windows\SYSTEM32\bcrypt.dll
0x00007ffbf3dc0000 - 0x00007ffbf3de1000 	C:\Windows\SYSTEM32\USERENV.dll
0x00007ffbf46d0000 - 0x00007ffbf4733000 	C:\Windows\system32\bcryptprimitives.dll
0x00007ffbf4740000 - 0x00007ffbf474b000 	C:\Windows\SYSTEM32\CRYPTBASE.dll
0x00007ffbeecb0000 - 0x00007ffbeecda000 	C:\Windows\SYSTEM32\IPHLPAPI.DLL
0x00007ffbeec90000 - 0x00007ffbeec9a000 	C:\Windows\SYSTEM32\WINNSI.DLL
0x00007ffbeeb40000 - 0x00007ffbeeb56000 	C:\Windows\SYSTEM32\dhcpcsvc6.DLL
0x00007ffbeeb20000 - 0x00007ffbeeb3a000 	C:\Windows\SYSTEM32\dhcpcsvc.DLL
0x00007ffbf2ab0000 - 0x00007ffbf2ae2000 	C:\Windows\SYSTEM32\ntmarta.dll
0x0000000064940000 - 0x00000000649c7000 	C:\Users\MAKsuD\AppData\Local\Temp\aapt2_1549202176822668454\libwinpthread-1.dll
0x00000000233e0000 - 0x0000000026fde000 	C:\Users\MAKsuD\AppData\Local\Temp\aapt2_1549202176822668454\libaapt2_jni.dll
0x00007ffbf2ce0000 - 0x00007ffbf2e69000 	C:\Windows\SYSTEM32\dbghelp.dll

VM Arguments:
jvm_args: -Xmx1536m -Dfile.encoding=windows-1252 -Duser.country=US -Duser.language=en -Duser.variant 
java_command: org.gradle.launcher.daemon.bootstrap.GradleDaemon 4.1-rc-1
java_class_path (initial): C:\Users\MAKsuD\.gradle\wrapper\dists\gradle-4.1-rc-1-all\936kh1brdchce6fvd2c1o8t8x\gradle-4.1-rc-1\lib\gradle-launcher-4.1.jar
Launcher Type: SUN_STANDARD

Environment Variables:
JAVA_HOME=C:\Program Files\Java\jdk-9.0.4
PATH=C:\ProgramData\Oracle\Java\javapath;C:\Windows\system32;C:\Windows;C:\Windows\System32\Wbem;C:\Windows\System32\WindowsPowerShell\v1.0\
USERNAME=MAKsuD
OS=Windows_NT
PROCESSOR_IDENTIFIER=Intel64 Family 6 Model 58 Stepping 9, GenuineIntel



---------------  S Y S T E M  ---------------

OS: Windows 8.1 , 64 bit Build 9600 (6.3.9600.19358)

CPU:total 4 (initial active 4) (2 cores per cpu, 2 threads per core) family 6 model 58 stepping 9, cmov, cx8, fxsr, mmx, sse, sse2, sse3, ssse3, sse4.1, sse4.2, popcnt, avx, clmul, erms, ht, tsc, tscinvbit, tscinv

Memory: 4k page, physical 4051824k(308160k free), swap 5505308k(22832k free)

vm_info: OpenJDK 64-Bit Server VM (25.152-b01) for windows-amd64 JRE (1.8.0_152-release-884-b01), built on Jun 14 2017 23:46:27 by "builder" with MS VC++ 10.0 (VS2010)

time: Sat Sep 14 11:53:12 2019
elapsed time: 520 seconds (0d 0h 8m 40s)

